
 -----------------------------------------------
      Restrained ESP Fit 2.3  Amber 4.1
 -----------------------------------------------
 Resp charges for organic molecule                                               
 -----------------------------------------------


 inopt       =     0   ioutopt     =     1
 nmol        =     1   iqopt       =     0
 ihfree      =     1   irstrnt     =     1
 iunits      =     0   qwt         =   0.00050000
 wtmol(1) =     1.000000
 subtitle:

Resp charges for organic molecule                                               
ich =   0  iuniq = 100
    1    6    0
    2    6    0
    3    6    0
    4    6    0
    5    6    0
    6    6    0
    7    6    0
    8    6    0
    9    6    8
   10    6    7
   11    6    6
   12    6    5
   13    6    4
   14    6    3
   15    6    2
   16    6    1
   17    6    2
   18    6    3
   19    6    0
   20    6    0
   21    6    0
   22    6    0
   23    6    0
   24    6   23
   25    6   22
   26    6   21
   27    6   20
   28    6   19
   29    6    5
   30    6    4
   31    6    3
   32    6    2
   33    6    1
   34    6    2
   35    6    3
   36    6    6
   37    6    7
   38    6    8
   39    6    8
   40    6    7
   41    6    6
   42    6    5
   43    6    4
   44    6    3
   45    6    2
   46    6    1
   47    6    2
   48    6    3
   49    6   19
   50    6   20
   51    6   21
   52    6   22
   53    6   23
   54    6   23
   55    6   22
   56    6   21
   57    6   20
   58    6   19
   59    6    0
   60    6    0
   61    6   60
   62    6   59
   63    6    3
   64    6    2
   65    1    0
   66    1    0
   67    1    0
   68    1    0
   69    1    0
   70    1   69
   71    1   68
   72    1   67
   73    1   66
   74    1   65
   75    1   66
   76    1   67
   77    1    0
   78    1    0
   79    1   78
   80    1   77
   81    1   67
   82    1   66
   83    1   65
   84    1   66
   85    1   67
   86    1   68
   87    1   69
   88    1   69
   89    1   68
   90    1   67
   91    1   66
   92    1   65
   93    1   66
   94    1   67
   95    1   77
   96    1   78
   97    1   78
   98    1   77
   99    1   67
  100    1   66

  ----------------------------------------------------------------------------
     ATOM                       COORDINATES                         CHARGE
                       X             Y                Z
  ----------------------------------------------------------------------------
  ----------------------------------------------------------------------------


 Charge on the molecule(ich) =    0
 Total number of atoms (iuniq)     =  100
 Weight factor on initial charge restraints(qwt)=     0.50000D-03


  there are  1 charge constraints:


     1       1
     2       1
     3       1
     4       1
     5       1
     6       1
     7       1
     8       1
     9       1
    10       1
    11       1
    12       1
    13       1
    14       1
    15       1
    16       1
    17       1
    18       1
    19       1
    20       1
    21       1
    22       1
    23       1
    24       1
    25       1
    26       1
    27       1
    28       1
    29       1
    30       1
    31       1
    32       1
    33       1
    34       1
    35       1
    36       1
    37       1
    38       1
    39       1
    40       1
    41       1
    42       1
    43       1
    44       1
    45       1
    46       1
    47       1
    48       1
    49       1
    50       1
    51       1
    52       1
    53       1
    54       1
    55       1
    56       1
    57       1
    58       1
    59       1
    60       1
    61       1
    62       1
    63       1
    64       1
    65       1
    66       1
    67       1
    68       1
    69       1
    70       1
    71       1
    72       1
    73       1
    74       1
    75       1
    76       1
    77       1
    78       1
    79       1
    80       1
    81       1
    82       1
    83       1
    84       1
    85       1
    86       1
    87       1
    88       1
    89       1
    90       1
    91       1
    92       1
    93       1
    94       1
    95       1
    96       1
    97       1
    98       1
    99       1
   100       1

 Reading esp"s for molecule   1
 total number of atoms      =   100
 total number of esp points = 21408


 center     X       Y       Z 
    1   0.1024429E+02   0.1027521E+02  -0.7347878E+00
    2   0.9286985E+01   0.9020182E+01   0.1243547E+01
    3   0.1006330E+02   0.6557287E+01   0.1660466E+01
    4   0.1151700E+02   0.5283816E+01  -0.1175939E+00
    5   0.1150860E+02   0.2616335E+01  -0.1134705E+00
    6   0.1376586E+02   0.1291615E+01  -0.4125177E+00
    7   0.1611222E+02   0.2599772E+01  -0.6616422E+00
    8   0.1835454E+02   0.1335932E+01  -0.8845411E+00
    9   0.1836014E+02  -0.1239262E+01  -0.8716588E+00
   10   0.1609110E+02  -0.2547814E+01  -0.5786965E+00
   11   0.1373191E+02  -0.1400699E+01  -0.3186834E+00
   12   0.1141609E+02  -0.2737905E+01  -0.5094701E-01
   13   0.1138113E+02  -0.5351691E+01   0.6472217E+00
   14   0.1247717E+02  -0.7206959E+01  -0.8044809E+00
   15   0.1212961E+02  -0.9731775E+01   0.6976868E-02
   16   0.1105082E+02  -0.1016845E+02   0.2381797E+01
   17   0.1026154E+02  -0.8325120E+01   0.3843599E+01
   18   0.1025709E+02  -0.5852024E+01   0.2929308E+01
   19   0.9177097E+01  -0.1359658E+01   0.5177471E-01
   20   0.6684694E+01  -0.2151619E+01  -0.2112336E-01
   21   0.5372601E+01  -0.4542642E+01  -0.7698744E-01
   22   0.2796728E+01  -0.4610722E+01  -0.1128922E+00
   23   0.1251356E+01  -0.2417882E+01   0.3185322E-01
   24  -0.1363059E+01  -0.2336973E+01  -0.7573833E-01
   25  -0.2759493E+01  -0.4587278E+01  -0.1127222E+00
   26  -0.5472414E+01  -0.4541573E+01  -0.1266948E+00
   27  -0.6787476E+01  -0.2194457E+01  -0.2947047E+00
   28  -0.9226285E+01  -0.1312534E+01  -0.3224099E+00
   29  -0.1158540E+02  -0.2676396E+01  -0.5376762E+00
   30  -0.1158657E+02  -0.5240237E+01  -0.9237982E+00
   31  -0.1275368E+02  -0.6848507E+01   0.9766009E+00
   32  -0.1242618E+02  -0.9472983E+01   0.9532572E+00
   33  -0.1103336E+02  -0.1050372E+02  -0.1046693E+01
   34  -0.9976213E+01  -0.8940023E+01  -0.2894380E+01
   35  -0.1027595E+02  -0.6432038E+01  -0.2904600E+01
   36  -0.1387007E+02  -0.1301078E+01  -0.3161814E+00
   37  -0.1619988E+02  -0.2498159E+01  -0.7276182E+00
   38  -0.1837997E+02  -0.1055737E+01  -0.6321039E+00
   39  -0.1829010E+02   0.1467270E+01   0.1859679E-01
   40  -0.1607798E+02   0.2705526E+01   0.3940854E+00
   41  -0.1379287E+02   0.1355170E+01   0.2365011E+00
   42  -0.1143296E+02   0.2655451E+01   0.2226740E+00
   43  -0.1126703E+02   0.5358513E+01   0.5368466E+00
   44  -0.1151351E+02   0.6647538E+01   0.2900357E+01
   45  -0.1062236E+02   0.9161354E+01   0.3240319E+01
   46  -0.1005735E+02   0.1051900E+02   0.1067459E+01
   47  -0.1007592E+02   0.9328334E+01  -0.1309455E+01
   48  -0.1054847E+02   0.6699269E+01  -0.1569644E+01
   49  -0.9140089E+01   0.1319312E+01  -0.1054543E+00
   50  -0.6716761E+01   0.2081269E+01   0.1075046E+00
   51  -0.5470095E+01   0.4396748E+01   0.6312705E+00
   52  -0.2785796E+01   0.4493585E+01   0.6180594E+00
   53  -0.1390683E+01   0.2309330E+01   0.2784266E+00
   54   0.1264283E+01   0.2245199E+01   0.4778172E-01
   55   0.2640724E+01   0.4512531E+01  -0.1239755E+00
   56   0.5344723E+01   0.4363804E+01  -0.3912356E+00
   57   0.6633571E+01   0.2007165E+01  -0.1041863E+00
   58   0.9206499E+01   0.1244224E+01   0.7037718E-01
   59   0.5120135E+01  -0.3685722E-01  -0.1326984E+00
   60   0.2548106E+01  -0.6732338E-01  -0.1103638E+00
   61  -0.2606012E+01  -0.4464100E-01   0.4390967E-01
   62  -0.5316871E+01  -0.1044338E+00  -0.4374905E-01
   63   0.1241105E+02   0.6631115E+01  -0.2145735E+01
   64   0.1196817E+02   0.9255377E+01  -0.2489967E+01
   65   0.9757226E+01   0.1217968E+02  -0.1329796E+01
   66   0.7808616E+01   0.1000450E+02   0.2276534E+01
   67   0.9526834E+01   0.5688574E+01   0.3442701E+01
   68   0.1642037E+02   0.4593174E+01  -0.1053953E+01
   69   0.2009232E+02   0.2418889E+01  -0.1055896E+01
   70   0.1997281E+02  -0.2512328E+01  -0.8049609E+00
   71   0.1636132E+02  -0.4583704E+01  -0.6453150E+00
   72   0.1320336E+02  -0.6930185E+01  -0.2705583E+01
   73   0.1278277E+02  -0.1135496E+02  -0.1069694E+01
   74   0.1091677E+02  -0.1212148E+02   0.3004217E+01
   75   0.9524722E+01  -0.8636945E+01   0.5736437E+01
   76   0.9304661E+01  -0.4360972E+01   0.3971760E+01
   77   0.6388086E+01  -0.6324954E+01  -0.1789419E+00
   78   0.2035594E+01  -0.6516297E+01  -0.1934834E+00
   79  -0.1736505E+01  -0.6368658E+01  -0.1062083E+00
   80  -0.6413040E+01  -0.6347491E+01   0.1402290E+00
   81  -0.1377914E+02  -0.6042603E+01   0.2564521E+01
   82  -0.1301210E+02  -0.1047459E+02   0.2647646E+01
   83  -0.1056627E+02  -0.1250192E+02  -0.9389878E+00
   84  -0.8916933E+01  -0.9735948E+01  -0.4464803E+01
   85  -0.9434066E+01  -0.5242083E+01  -0.4351368E+01
   86  -0.1624532E+02  -0.4451928E+01  -0.1356081E+01
   87  -0.2016613E+02  -0.2006547E+01  -0.9878467E+00
   88  -0.2006065E+02   0.2483935E+01   0.2434288E+00
   89  -0.1594433E+02   0.4754311E+01   0.4946131E+00
   90  -0.1185773E+02   0.5510524E+01   0.4577680E+01
   91  -0.1034318E+02   0.1007464E+02   0.5058479E+01
   92  -0.9312128E+01   0.1242398E+02   0.1252832E+01
   93  -0.9514891E+01   0.1042283E+02  -0.2954309E+01
   94  -0.1015160E+02   0.5884138E+01  -0.3412579E+01
   95  -0.6529839E+01   0.6151466E+01   0.7653315E+00
   96  -0.1925236E+01   0.6317114E+01   0.1018199E+01
   97   0.1724090E+01   0.6339997E+01  -0.3311499E+00
   98   0.6531638E+01   0.5897977E+01  -0.1067058E+01
   99   0.1335993E+02   0.5620478E+01  -0.3660471E+01
  100   0.1242833E+02   0.1035917E+02  -0.4158671E+01
 Initial ssvpot =     2.421


 Number of unique UNfrozen centers=   22

 Non-linear optimization requested.
 qchnge =    0.1615376166E-01
 qchnge =    0.1393660853E-02
 qchnge =    0.2075594932E-03
 qchnge =    0.3661157981E-04
 qchnge =    0.6716590633E-05
 qchnge =    0.1244824410E-05
 qchnge =    0.2313622201E-06

 Convergence in    6 iterations


Resp charges for organic molecule                                               

          Point Charges Before & After Optimization

    no.  At.no.    q(init)       q(opt)     ivary    d(rstr)/dq
    1   6       0.000000      -0.096941      0       0.003590
    2   6       0.000000      -0.201183      0       0.002226
    3   6       0.000000      -0.121503      0       0.003177
    4   6       0.000000       0.195266      0       0.002279
    5   6       0.000000      -0.260792      0       0.001790
    6   6       0.000000       0.169835      0       0.002537
    7   6       0.000000      -0.216933      0       0.002093
    8   6       0.000000      -0.139202      0       0.002917
    9   6       0.000000      -0.139202      8       0.002917
   10   6       0.000000      -0.216933      7       0.002093
   11   6       0.000000       0.169835      6       0.002537
   12   6       0.000000      -0.260792      5       0.001790
   13   6       0.000000       0.195266      4       0.002279
   14   6       0.000000      -0.121503      3       0.003177
   15   6       0.000000      -0.201183      2       0.002226
   16   6       0.000000      -0.096941      1       0.003590
   17   6       0.000000      -0.201183      2       0.002226
   18   6       0.000000      -0.121503      3       0.003177
   19   6       0.000000       0.049283      0       0.004485
   20   6       0.000000       0.038071      0       0.004673
   21   6       0.000000      -0.178640      0       0.002442
   22   6       0.000000      -0.205024      0       0.002192
   23   6       0.000000       0.022737      0       0.004876
   24   6       0.000000       0.022737     23       0.004876
   25   6       0.000000      -0.205024     22       0.002192
   26   6       0.000000      -0.178640     21       0.002442
   27   6       0.000000       0.038071     20       0.004673
   28   6       0.000000       0.049283     19       0.004485
   29   6       0.000000      -0.260792      5       0.001790
   30   6       0.000000       0.195266      4       0.002279
   31   6       0.000000      -0.121503      3       0.003177
   32   6       0.000000      -0.201183      2       0.002226
   33   6       0.000000      -0.096941      1       0.003590
   34   6       0.000000      -0.201183      2       0.002226
   35   6       0.000000      -0.121503      3       0.003177
   36   6       0.000000       0.169835      6       0.002537
   37   6       0.000000      -0.216933      7       0.002093
   38   6       0.000000      -0.139202      8       0.002917
   39   6       0.000000      -0.139202      8       0.002917
   40   6       0.000000      -0.216933      7       0.002093
   41   6       0.000000       0.169835      6       0.002537
   42   6       0.000000      -0.260792      5       0.001790
   43   6       0.000000       0.195266      4       0.002279
   44   6       0.000000      -0.121503      3       0.003177
   45   6       0.000000      -0.201183      2       0.002226
   46   6       0.000000      -0.096941      1       0.003590
   47   6       0.000000      -0.201183      2       0.002226
   48   6       0.000000      -0.121503      3       0.003177
   49   6       0.000000       0.049283     19       0.004485
   50   6       0.000000       0.038071     20       0.004673
   51   6       0.000000      -0.178640     21       0.002442
   52   6       0.000000      -0.205024     22       0.002192
   53   6       0.000000       0.022737     23       0.004876
   54   6       0.000000       0.022737     23       0.004876
   55   6       0.000000      -0.205024     22       0.002192
   56   6       0.000000      -0.178640     21       0.002442
   57   6       0.000000       0.038071     20       0.004673
   58   6       0.000000       0.049283     19       0.004485
   59   6       0.000000      -0.031717      0       0.004766
   60   6       0.000000       0.074377      0       0.004012
   61   6       0.000000       0.074377     60       0.004012
   62   6       0.000000      -0.031717     59       0.004766
   63   6       0.000000      -0.121503      3       0.003177
   64   6       0.000000      -0.201183      2       0.002226
   65   1       0.000000       0.120047      0       0.000000
   66   1       0.000000       0.150411      0       0.000000
   67   1       0.000000       0.123808      0       0.000000
   68   1       0.000000       0.135237      0       0.000000
   69   1       0.000000       0.133334      0       0.000000
   70   1       0.000000       0.133334     69       0.000000
   71   1       0.000000       0.135237     68       0.000000
   72   1       0.000000       0.123808     67       0.000000
   73   1       0.000000       0.150411     66       0.000000
   74   1       0.000000       0.120047     65       0.000000
   75   1       0.000000       0.150411     66       0.000000
   76   1       0.000000       0.123808     67       0.000000
   77   1       0.000000       0.155835      0       0.000000
   78   1       0.000000       0.153489      0       0.000000
   79   1       0.000000       0.153489     78       0.000000
   80   1       0.000000       0.155835     77       0.000000
   81   1       0.000000       0.123808     67       0.000000
   82   1       0.000000       0.150411     66       0.000000
   83   1       0.000000       0.120047     65       0.000000
   84   1       0.000000       0.150411     66       0.000000
   85   1       0.000000       0.123808     67       0.000000
   86   1       0.000000       0.135237     68       0.000000
   87   1       0.000000       0.133334     69       0.000000
   88   1       0.000000       0.133334     69       0.000000
   89   1       0.000000       0.135237     68       0.000000
   90   1       0.000000       0.123808     67       0.000000
   91   1       0.000000       0.150411     66       0.000000
   92   1       0.000000       0.120047     65       0.000000
   93   1       0.000000       0.150411     66       0.000000
   94   1       0.000000       0.123808     67       0.000000
   95   1       0.000000       0.155835     77       0.000000
   96   1       0.000000       0.153489     78       0.000000
   97   1       0.000000       0.153489     78       0.000000
   98   1       0.000000       0.155835     77       0.000000
   99   1       0.000000       0.123808     67       0.000000
  100   1       0.000000       0.150411     66       0.000000

 Sum over the calculated charges:     -0.000

        Statistics of the fitting:
  The initial sum of squares (ssvpot)                      2.421
  The residual sum of squares (chipot)                     0.078
  The std err of estimate (sqrt(chipot/N))               0.00190
  ESP relative RMS (SQRT(chipot/ssvpot))                 0.17896

 Center of Mass (Angst.):

 X  =   0.00000      Y  =   0.00000      Z  =   0.00000

 Dipole (Debye):

 X  =   0.57071      Y  =  -0.09382      Z  =  -0.35302

 Dipole Moment (Debye)=   0.67760

 Quadrupole (Debye*Angst.):

 Qxx = -41.41749     QYY =  87.60227     QZZ = -46.18478
 Qxy =-134.62471     QXZ =-161.71785     QYZ =-131.59039
