
          -------------------------------------------------------
          Amber 22 PMEMD                              2022
          -------------------------------------------------------

| PMEMD implementation of SANDER, Release 22

|  Compiled date/time: Fri Apr 15 02:06:37 2022
| Run on 06/21/2024 at 11:17:57

|   Executable path: pmemd.cuda
| Working directory: /tmp/xs13_9697760
|          Hostname: argpu1

  [-O]verwriting output

File Assignments:
|   MDIN: /gpfsnyu/xspace/projects/PCT-example/DBP-C70/results/DBP-C70_conf11/MD
|  MDOUT: DBP-C70_conf11_relax_NVE_1.out                                        
| INPCRD: DBP-C70_conf11_NVT_1.rst                                              
|   PARM: /gpfsnyu/xspace/projects/PCT-example/DBP-C70/results/DBP-C70_conf11/MD
| RESTRT: DBP-C70_conf11_relax_NVE_1.rst                                        
|   REFC: DBP-C70_conf11_NVT_1.rst                                              
|  MDVEL: mdvel                                                                 
|   MDEN: mden                                                                  
|  MDCRD: DBP-C70_conf11_relax_NVE_1.mdcrd.nc                                   
| MDINFO: DBP-C70_conf11_relax_NVE_1.mdinfo                                     
|  MDFRC: mdfrc                                                                 


 Here is the input file:

                                                                               
running trajectory NVE relaxation for  5e4 steps                               
 &cntrl                                                                        
   igb = 0, imin = 0, ntx = 5, irest = 1,                                      
   ntb = 1, cut = 9,                                                           
   ntpr = 1000, ntwx = 1000, ntwr = 1000,                                      
   nstlim = 50000, dt = 0.001,                                                 
   ntc = 2, ntf = 2, iwrap = 1,                                                
   ntt = 0,                                                                    
   ioutfm=1,                                                                   
   nmropt = 0,                                                                 
   ipol   = 0,                                                                 
   ntr = 1,                                                                    
   restraint_wt = 100,                                                         
   restraintmask = ':1-2',                                                     
 /                                                                             


Note: ig = -1. Setting random seed to   492621 based on wallclock time in 
      microseconds.
| irandom = 1, using AMBER's internal random number generator (default).
 
|--------------------- INFORMATION ----------------------
| GPU (CUDA) Version of PMEMD in use: NVIDIA GPU IN USE.
|                    Version 18.0.0
| 
|                      03/25/2018
| 
| Implementation by:
|                    Ross C. Walker     (SDSC)
|                    Scott Le Grand     (nVIDIA)
| 
| Version 18 performance extensions by:
|                    David Cerutti     (Rutgers)
| 
| Precision model in use:
|      [SPFP] - Single Precision Forces, 64-bit Fixed Point
|               Accumulation. (Default)
| 
|--------------------------------------------------------
 
|----------------- CITATION INFORMATION -----------------
|
|    When publishing work that utilized the CUDA version
|    of AMBER, please cite the following in addition to
|    the regular AMBER citations:
|
|  - Romelia Salomon-Ferrer; Andreas W. Goetz; Duncan
|    Poole; Scott Le Grand; Ross C. Walker "Routine
|    microsecond molecular dynamics simulations with
|    AMBER - Part II: Particle Mesh Ewald", J. Chem.
|    Theory Comput., 2013, 9 (9), pp3878-3888,
|    DOI: 10.1021/ct400314y.
|
|  - Andreas W. Goetz; Mark J. Williamson; Dong Xu;
|    Duncan Poole; Scott Le Grand; Ross C. Walker
|    "Routine microsecond molecular dynamics simulations
|    with AMBER - Part I: Generalized Born", J. Chem.
|    Theory Comput., 2012, 8 (5), pp1542-1555.
|
|  - Scott Le Grand; Andreas W. Goetz; Ross C. Walker
|    "SPFP: Speed without compromise - a mixed precision
|    model for GPU accelerated molecular dynamics
|    simulations.", Comp. Phys. Comm., 2013, 184
|    pp374-380, DOI: 10.1016/j.cpc.2012.09.022
|
|--------------------------------------------------------
 
|------------------- GPU DEVICE INFO --------------------
|
|            CUDA_VISIBLE_DEVICES: 0
|   CUDA Capable Devices Detected:      1
|           CUDA Device ID in use:      0
|                CUDA Device Name: NVIDIA GeForce RTX 3080 Ti
|     CUDA Device Global Mem Size:  12045 MB
| CUDA Device Num Multiprocessors:     80
|           CUDA Device Core Freq:   1.66 GHz
|
|--------------------------------------------------------
 
 
| Conditional Compilation Defines Used:
| PUBFFT
| BINTRAJ
| CUDA
| EMIL

| Largest sphere to fit in unit cell has radius =    26.630

| New format PARM file being parsed.
| Version =    1.000 Date = 06/21/24 Time = 03:36:16

| Note: 1-4 EEL scale factors are being read from the topology file.

| Note: 1-4 VDW scale factors are being read from the topology file.
| Duplicated    0 dihedrals

| Duplicated    0 dihedrals

--------------------------------------------------------------------------------
   1.  RESOURCE   USE: 
--------------------------------------------------------------------------------

 getting box info from netcdf restart file
 NATOM  =   12920 NTYPES =       2 NBONH =    2736 MBONA  =   13908
 NTHETH =    5472 MTHETA =   25080 NPHIH =   11704 MPHIA  =   54112
 NHPARM =       0 NPARM  =       0 NNB   =   89756 NRES   =     152
 NBONA  =   13908 NTHETA =   25080 NPHIA =   54112 NUMBND =       7
 NUMANG =      19 NPTRA  =       3 NATYP =       4 NPHB   =       0
 IFBOX  =       1 NMXRS  =     100 IFCAP =       0 NEXTRA =       0
 NCOPY  =       0

| Coordinate Index Table dimensions:    10   10   10
| Direct force subcell size =     5.4545    5.3260    5.4602

     BOX TYPE: RECTILINEAR

--------------------------------------------------------------------------------
   2.  CONTROL  DATA  FOR  THE  RUN
--------------------------------------------------------------------------------

default_name                                                                    

General flags:
     imin    =       0, nmropt  =       0

Nature and format of input:
     ntx     =       5, irest   =       1, ntrx    =       1

Nature and format of output:
     ntxo    =       2, ntpr    =    1000, ntrx    =       1, ntwr    =    1000
     iwrap   =       1, ntwx    =    1000, ntwv    =       0, ntwe    =       0
     ioutfm  =       1, ntwprt  =       0, idecomp =       0, rbornstat=      0

Potential function:
     ntf     =       2, ntb     =       1, igb     =       0, nsnb    =      25
     ipol    =       0, gbsa    =       0, iesp    =       0
     dielc   =   1.00000, cut     =   9.00000, intdiel =   1.00000

Frozen or restrained atoms:
     ibelly  =       0, ntr     =       1
     restraint_wt = 100.00000

Molecular dynamics:
     nstlim  =     50000, nscm    =         0, nrespa  =         1
     t       =   0.00000, dt      =   0.00100, vlimit  =  -1.00000

SHAKE:
     ntc     =       2, jfastw  =       0
     tol     =   0.00001

| Intermolecular bonds treatment:
|     no_intermolecular_bonds =       1

| Energy averages sample interval:
|     ene_avg_sampling =    1000

Ewald parameters:
     verbose =       0, ew_type =       0, nbflag  =       1, use_pme =       1
     vdwmeth =       1, eedmeth =       1, netfrc  =       1
     Box X =   54.545   Box Y =   53.260   Box Z =   54.602
     Alpha =   90.000   Beta  =   90.000   Gamma =   90.000
     NFFT1 =   56       NFFT2 =   56       NFFT3 =   56
     Cutoff=    9.000   Tol   =0.100E-04
     Ewald Coefficient =  0.30768
     Interpolation order =    4

    LOADING THE CONSTRAINED ATOMS AS GROUPS


   5.  REFERENCE ATOM COORDINATES

  default_name                                                                    
     Mask :1-2; matches   170 atoms

--------------------------------------------------------------------------------
   3.  ATOMIC COORDINATES AND VELOCITIES
--------------------------------------------------------------------------------

default_name                                                                    
 begin time read from input coords =  2400.000 ps

 
 Number of triangulated 3-point waters found:        0

     Sum of charges from parm topology file =  -0.00060177
     Forcing neutrality...

| Dynamic Memory, Types Used:
| Reals              510025
| Integers          2150658

| Nonbonded Pairs Initial Allocation:     2945760

| GPU memory information (estimate):
| KB of GPU memory in use:     59646
| KB of CPU memory in use:     38646

--------------------------------------------------------------------------------
   4.  RESULTS
--------------------------------------------------------------------------------


 NSTEP =     1000   TIME(PS) =    2401.000  TEMP(K) =   300.35  PRESS =     0.0
 Etot   =     99157.9226  EKtot   =     10750.5918  EPtot      =     88407.3308
 BOND   =      4986.1830  ANGLE   =     25150.8131  DIHED      =     56206.7350
 1-4 NB =     10694.6261  1-4 EEL =      5307.7978  VDWAALS    =    -11829.5628
 EELEC  =     -2161.7260  EHBOND  =         0.0000  RESTRAINT  =        52.4646
 EAMBER (non-restraint)  =     88354.8662
 ------------------------------------------------------------------------------


 NSTEP =     2000   TIME(PS) =    2402.000  TEMP(K) =   296.49  PRESS =     0.0
 Etot   =     99162.6046  EKtot   =     10612.4424  EPtot      =     88550.1622
 BOND   =      5181.0000  ANGLE   =     25011.4501  DIHED      =     56275.6652
 1-4 NB =     10681.4146  1-4 EEL =      5293.1443  VDWAALS    =    -11783.0059
 EELEC  =     -2157.9434  EHBOND  =         0.0000  RESTRAINT  =        48.4374
 EAMBER (non-restraint)  =     88501.7249
 ------------------------------------------------------------------------------


 NSTEP =     3000   TIME(PS) =    2403.000  TEMP(K) =   299.54  PRESS =     0.0
 Etot   =     99160.6253  EKtot   =     10721.4463  EPtot      =     88439.1791
 BOND   =      5083.2715  ANGLE   =     25065.0229  DIHED      =     56219.0759
 1-4 NB =     10668.7338  1-4 EEL =      5299.4231  VDWAALS    =    -11790.0919
 EELEC  =     -2158.4315  EHBOND  =         0.0000  RESTRAINT  =        52.1752
 EAMBER (non-restraint)  =     88387.0038
 ------------------------------------------------------------------------------


 NSTEP =     4000   TIME(PS) =    2404.000  TEMP(K) =   299.27  PRESS =     0.0
 Etot   =     99159.7955  EKtot   =     10711.8828  EPtot      =     88447.9127
 BOND   =      5046.5354  ANGLE   =     25080.6085  DIHED      =     56216.6648
 1-4 NB =     10657.4006  1-4 EEL =      5308.7183  VDWAALS    =    -11750.1362
 EELEC  =     -2163.1583  EHBOND  =         0.0000  RESTRAINT  =        51.2796
 EAMBER (non-restraint)  =     88396.6331
 ------------------------------------------------------------------------------


 NSTEP =     5000   TIME(PS) =    2405.000  TEMP(K) =   301.80  PRESS =     0.0
 Etot   =     99158.3382  EKtot   =     10802.4082  EPtot      =     88355.9300
 BOND   =      5100.0403  ANGLE   =     25095.1680  DIHED      =     56152.1310
 1-4 NB =     10605.4263  1-4 EEL =      5297.1957  VDWAALS    =    -11793.3129
 EELEC  =     -2151.5913  EHBOND  =         0.0000  RESTRAINT  =        50.8729
 EAMBER (non-restraint)  =     88305.0571
 ------------------------------------------------------------------------------


 NSTEP =     6000   TIME(PS) =    2406.000  TEMP(K) =   298.36  PRESS =     0.0
 Etot   =     99159.5338  EKtot   =     10679.4209  EPtot      =     88480.1129
 BOND   =      5108.8718  ANGLE   =     25077.9723  DIHED      =     56247.3622
 1-4 NB =     10675.6766  1-4 EEL =      5297.6126  VDWAALS    =    -11805.1362
 EELEC  =     -2166.4637  EHBOND  =         0.0000  RESTRAINT  =        44.2173
 EAMBER (non-restraint)  =     88435.8956
 ------------------------------------------------------------------------------


 NSTEP =     7000   TIME(PS) =    2407.000  TEMP(K) =   300.73  PRESS =     0.0
 Etot   =     99155.7608  EKtot   =     10763.9541  EPtot      =     88391.8067
 BOND   =      5003.7082  ANGLE   =     25105.3122  DIHED      =     56178.3757
 1-4 NB =     10698.9809  1-4 EEL =      5303.2455  VDWAALS    =    -11793.5691
 EELEC  =     -2160.5023  EHBOND  =         0.0000  RESTRAINT  =        56.2556
 EAMBER (non-restraint)  =     88335.5511
 ------------------------------------------------------------------------------


 NSTEP =     8000   TIME(PS) =    2408.000  TEMP(K) =   295.59  PRESS =     0.0
 Etot   =     99156.4635  EKtot   =     10580.2949  EPtot      =     88576.1686
 BOND   =      5136.4347  ANGLE   =     25047.0649  DIHED      =     56315.0176
 1-4 NB =     10705.5388  1-4 EEL =      5300.3752  VDWAALS    =    -11826.1999
 EELEC  =     -2157.8157  EHBOND  =         0.0000  RESTRAINT  =        55.7531
 EAMBER (non-restraint)  =     88520.4155
 ------------------------------------------------------------------------------


 NSTEP =     9000   TIME(PS) =    2409.000  TEMP(K) =   296.87  PRESS =     0.0
 Etot   =     99156.5017  EKtot   =     10626.0098  EPtot      =     88530.4919
 BOND   =      5123.7892  ANGLE   =     25036.2664  DIHED      =     56333.9093
 1-4 NB =     10651.1601  1-4 EEL =      5293.7635  VDWAALS    =    -11794.7731
 EELEC  =     -2167.0909  EHBOND  =         0.0000  RESTRAINT  =        53.4675
 EAMBER (non-restraint)  =     88477.0244
 ------------------------------------------------------------------------------


 NSTEP =    10000   TIME(PS) =    2410.000  TEMP(K) =   297.51  PRESS =     0.0
 Etot   =     99155.6110  EKtot   =     10648.9717  EPtot      =     88506.6393
 BOND   =      5083.2877  ANGLE   =     25056.9046  DIHED      =     56293.8784
 1-4 NB =     10677.2482  1-4 EEL =      5310.1218  VDWAALS    =    -11806.0659
 EELEC  =     -2162.2724  EHBOND  =         0.0000  RESTRAINT  =        53.5368
 EAMBER (non-restraint)  =     88453.1025
 ------------------------------------------------------------------------------


 NSTEP =    11000   TIME(PS) =    2411.000  TEMP(K) =   295.77  PRESS =     0.0
 Etot   =     99157.5642  EKtot   =     10586.4189  EPtot      =     88571.1453
 BOND   =      5116.0034  ANGLE   =     25113.4325  DIHED      =     56212.3392
 1-4 NB =     10696.2322  1-4 EEL =      5303.7705  VDWAALS    =    -11765.9396
 EELEC  =     -2160.3396  EHBOND  =         0.0000  RESTRAINT  =        55.6467
 EAMBER (non-restraint)  =     88515.4985
 ------------------------------------------------------------------------------


 NSTEP =    12000   TIME(PS) =    2412.000  TEMP(K) =   302.17  PRESS =     0.0
 Etot   =     99153.0350  EKtot   =     10815.7871  EPtot      =     88337.2479
 BOND   =      5035.9652  ANGLE   =     25009.6412  DIHED      =     56202.2644
 1-4 NB =     10702.4786  1-4 EEL =      5304.4697  VDWAALS    =    -11808.7751
 EELEC  =     -2162.0544  EHBOND  =         0.0000  RESTRAINT  =        53.2583
 EAMBER (non-restraint)  =     88283.9895
 ------------------------------------------------------------------------------


 NSTEP =    13000   TIME(PS) =    2413.000  TEMP(K) =   298.68  PRESS =     0.0
 Etot   =     99155.4796  EKtot   =     10690.8721  EPtot      =     88464.6076
 BOND   =      5042.4891  ANGLE   =     25057.8847  DIHED      =     56297.8737
 1-4 NB =     10695.6574  1-4 EEL =      5297.0710  VDWAALS    =    -11822.6645
 EELEC  =     -2167.1031  EHBOND  =         0.0000  RESTRAINT  =        63.3993
 EAMBER (non-restraint)  =     88401.2083
 ------------------------------------------------------------------------------


 NSTEP =    14000   TIME(PS) =    2414.000  TEMP(K) =   296.96  PRESS =     0.0
 Etot   =     99155.3004  EKtot   =     10629.0225  EPtot      =     88526.2780
 BOND   =      5033.2831  ANGLE   =     25138.9464  DIHED      =     56252.1110
 1-4 NB =     10691.3919  1-4 EEL =      5299.9406  VDWAALS    =    -11789.9488
 EELEC  =     -2157.4390  EHBOND  =         0.0000  RESTRAINT  =        57.9928
 EAMBER (non-restraint)  =     88468.2852
 ------------------------------------------------------------------------------


 NSTEP =    15000   TIME(PS) =    2415.000  TEMP(K) =   297.73  PRESS =     0.0
 Etot   =     99154.6696  EKtot   =     10656.6875  EPtot      =     88497.9821
 BOND   =      5128.6079  ANGLE   =     25029.3474  DIHED      =     56267.0154
 1-4 NB =     10674.8375  1-4 EEL =      5297.0117  VDWAALS    =    -11797.9209
 EELEC  =     -2162.6259  EHBOND  =         0.0000  RESTRAINT  =        61.7091
 EAMBER (non-restraint)  =     88436.2730
 ------------------------------------------------------------------------------


 NSTEP =    16000   TIME(PS) =    2416.000  TEMP(K) =   297.17  PRESS =     0.0
 Etot   =     99153.5644  EKtot   =     10636.5361  EPtot      =     88517.0283
 BOND   =      5079.2436  ANGLE   =     25071.4151  DIHED      =     56332.4876
 1-4 NB =     10684.5304  1-4 EEL =      5289.0937  VDWAALS    =    -11831.1521
 EELEC  =     -2161.5742  EHBOND  =         0.0000  RESTRAINT  =        52.9842
 EAMBER (non-restraint)  =     88464.0441
 ------------------------------------------------------------------------------


 NSTEP =    17000   TIME(PS) =    2417.000  TEMP(K) =   300.87  PRESS =     0.0
 Etot   =     99153.5727  EKtot   =     10769.1689  EPtot      =     88384.4038
 BOND   =      5049.6121  ANGLE   =     25011.9613  DIHED      =     56252.2038
 1-4 NB =     10701.3535  1-4 EEL =      5301.9232  VDWAALS    =    -11822.5192
 EELEC  =     -2164.6169  EHBOND  =         0.0000  RESTRAINT  =        54.4861
 EAMBER (non-restraint)  =     88329.9177
 ------------------------------------------------------------------------------


 NSTEP =    18000   TIME(PS) =    2418.000  TEMP(K) =   297.82  PRESS =     0.0
 Etot   =     99152.8249  EKtot   =     10660.0664  EPtot      =     88492.7585
 BOND   =      5144.0888  ANGLE   =     25071.7724  DIHED      =     56238.8478
 1-4 NB =     10640.9376  1-4 EEL =      5299.4229  VDWAALS    =    -11808.1833
 EELEC  =     -2151.9433  EHBOND  =         0.0000  RESTRAINT  =        57.8157
 EAMBER (non-restraint)  =     88434.9429
 ------------------------------------------------------------------------------


 NSTEP =    19000   TIME(PS) =    2419.000  TEMP(K) =   295.69  PRESS =     0.0
 Etot   =     99152.9649  EKtot   =     10583.5938  EPtot      =     88569.3711
 BOND   =      5116.9278  ANGLE   =     25171.2841  DIHED      =     56300.0996
 1-4 NB =     10596.3601  1-4 EEL =      5296.9562  VDWAALS    =    -11818.1491
 EELEC  =     -2145.9678  EHBOND  =         0.0000  RESTRAINT  =        51.8602
 EAMBER (non-restraint)  =     88517.5110
 ------------------------------------------------------------------------------


 NSTEP =    20000   TIME(PS) =    2420.000  TEMP(K) =   296.47  PRESS =     0.0
 Etot   =     99150.8927  EKtot   =     10611.4629  EPtot      =     88539.4298
 BOND   =      5157.3536  ANGLE   =     25090.5783  DIHED      =     56256.3374
 1-4 NB =     10619.4021  1-4 EEL =      5298.0112  VDWAALS    =    -11782.6520
 EELEC  =     -2160.3329  EHBOND  =         0.0000  RESTRAINT  =        60.7321
 EAMBER (non-restraint)  =     88478.6977
 ------------------------------------------------------------------------------


 NSTEP =    21000   TIME(PS) =    2421.000  TEMP(K) =   299.48  PRESS =     0.0
 Etot   =     99151.5579  EKtot   =     10719.3818  EPtot      =     88432.1761
 BOND   =      5144.0756  ANGLE   =     25088.2185  DIHED      =     56154.0491
 1-4 NB =     10612.1665  1-4 EEL =      5299.6043  VDWAALS    =    -11768.0851
 EELEC  =     -2156.6249  EHBOND  =         0.0000  RESTRAINT  =        58.7722
 EAMBER (non-restraint)  =     88373.4039
 ------------------------------------------------------------------------------


 NSTEP =    22000   TIME(PS) =    2422.000  TEMP(K) =   297.32  PRESS =     0.0
 Etot   =     99152.0019  EKtot   =     10641.9268  EPtot      =     88510.0751
 BOND   =      5037.3939  ANGLE   =     25225.0138  DIHED      =     56220.4720
 1-4 NB =     10649.1264  1-4 EEL =      5304.0514  VDWAALS    =    -11815.8273
 EELEC  =     -2164.2269  EHBOND  =         0.0000  RESTRAINT  =        54.0716
 EAMBER (non-restraint)  =     88456.0035
 ------------------------------------------------------------------------------


 NSTEP =    23000   TIME(PS) =    2423.000  TEMP(K) =   300.29  PRESS =     0.0
 Etot   =     99148.3029  EKtot   =     10748.2441  EPtot      =     88400.0588
 BOND   =      5072.5662  ANGLE   =     24998.7182  DIHED      =     56294.3376
 1-4 NB =     10667.9631  1-4 EEL =      5298.9578  VDWAALS    =    -11842.1701
 EELEC  =     -2149.0241  EHBOND  =         0.0000  RESTRAINT  =        58.7101
 EAMBER (non-restraint)  =     88341.3487
 ------------------------------------------------------------------------------


 NSTEP =    24000   TIME(PS) =    2424.000  TEMP(K) =   298.70  PRESS =     0.0
 Etot   =     99153.1295  EKtot   =     10691.3975  EPtot      =     88461.7320
 BOND   =      5079.7456  ANGLE   =     25098.5839  DIHED      =     56225.2654
 1-4 NB =     10663.0782  1-4 EEL =      5296.4968  VDWAALS    =    -11791.9067
 EELEC  =     -2162.0005  EHBOND  =         0.0000  RESTRAINT  =        52.4694
 EAMBER (non-restraint)  =     88409.2626
 ------------------------------------------------------------------------------


 NSTEP =    25000   TIME(PS) =    2425.000  TEMP(K) =   300.31  PRESS =     0.0
 Etot   =     99153.8848  EKtot   =     10749.1641  EPtot      =     88404.7207
 BOND   =      5024.7432  ANGLE   =     25046.2564  DIHED      =     56228.8967
 1-4 NB =     10705.7332  1-4 EEL =      5302.9161  VDWAALS    =    -11807.4664
 EELEC  =     -2158.2670  EHBOND  =         0.0000  RESTRAINT  =        61.9085
 EAMBER (non-restraint)  =     88342.8122
 ------------------------------------------------------------------------------


 NSTEP =    26000   TIME(PS) =    2426.000  TEMP(K) =   295.79  PRESS =     0.0
 Etot   =     99155.0864  EKtot   =     10587.4453  EPtot      =     88567.6411
 BOND   =      5173.5896  ANGLE   =     25074.0835  DIHED      =     56270.9747
 1-4 NB =     10663.5895  1-4 EEL =      5298.8300  VDWAALS    =    -11806.6909
 EELEC  =     -2163.2523  EHBOND  =         0.0000  RESTRAINT  =        56.5169
 EAMBER (non-restraint)  =     88511.1241
 ------------------------------------------------------------------------------


 NSTEP =    27000   TIME(PS) =    2427.000  TEMP(K) =   296.50  PRESS =     0.0
 Etot   =     99155.4200  EKtot   =     10612.6211  EPtot      =     88542.7989
 BOND   =      5142.7630  ANGLE   =     25017.6949  DIHED      =     56347.8005
 1-4 NB =     10668.0646  1-4 EEL =      5291.8706  VDWAALS    =    -11831.1061
 EELEC  =     -2157.2121  EHBOND  =         0.0000  RESTRAINT  =        62.9235
 EAMBER (non-restraint)  =     88479.8755
 ------------------------------------------------------------------------------


 NSTEP =    28000   TIME(PS) =    2428.000  TEMP(K) =   294.87  PRESS =     0.0
 Etot   =     99157.1224  EKtot   =     10554.4219  EPtot      =     88602.7006
 BOND   =      5143.3143  ANGLE   =     25162.8733  DIHED      =     56245.7753
 1-4 NB =     10666.4816  1-4 EEL =      5301.3199  VDWAALS    =    -11823.5103
 EELEC  =     -2156.2828  EHBOND  =         0.0000  RESTRAINT  =        62.7292
 EAMBER (non-restraint)  =     88539.9713
 ------------------------------------------------------------------------------


 NSTEP =    29000   TIME(PS) =    2429.000  TEMP(K) =   301.61  PRESS =     0.0
 Etot   =     99153.3436  EKtot   =     10795.6582  EPtot      =     88357.6854
 BOND   =      5035.6298  ANGLE   =     25010.3041  DIHED      =     56287.0815
 1-4 NB =     10675.9224  1-4 EEL =      5297.1062  VDWAALS    =    -11847.6774
 EELEC  =     -2153.0294  EHBOND  =         0.0000  RESTRAINT  =        52.3482
 EAMBER (non-restraint)  =     88305.3372
 ------------------------------------------------------------------------------


 NSTEP =    30000   TIME(PS) =    2430.000  TEMP(K) =   299.42  PRESS =     0.0
 Etot   =     99154.7864  EKtot   =     10717.2402  EPtot      =     88437.5462
 BOND   =      5061.2554  ANGLE   =     24936.2368  DIHED      =     56359.8719
 1-4 NB =     10698.3395  1-4 EEL =      5310.6816  VDWAALS    =    -11818.6174
 EELEC  =     -2164.3277  EHBOND  =         0.0000  RESTRAINT  =        54.1061
 EAMBER (non-restraint)  =     88383.4401
 ------------------------------------------------------------------------------


 NSTEP =    31000   TIME(PS) =    2431.000  TEMP(K) =   298.97  PRESS =     0.0
 Etot   =     99156.6968  EKtot   =     10701.2109  EPtot      =     88455.4859
 BOND   =      5164.2587  ANGLE   =     25019.3916  DIHED      =     56290.2852
 1-4 NB =     10640.9092  1-4 EEL =      5293.6115  VDWAALS    =    -11852.9034
 EELEC  =     -2160.0084  EHBOND  =         0.0000  RESTRAINT  =        59.9417
 EAMBER (non-restraint)  =     88395.5442
 ------------------------------------------------------------------------------


 NSTEP =    32000   TIME(PS) =    2432.000  TEMP(K) =   299.87  PRESS =     0.0
 Etot   =     99154.7156  EKtot   =     10733.2012  EPtot      =     88421.5144
 BOND   =      5123.9374  ANGLE   =     25015.1588  DIHED      =     56239.9093
 1-4 NB =     10645.1770  1-4 EEL =      5299.2384  VDWAALS    =    -11802.2540
 EELEC  =     -2158.1420  EHBOND  =         0.0000  RESTRAINT  =        58.4894
 EAMBER (non-restraint)  =     88363.0251
 ------------------------------------------------------------------------------


 NSTEP =    33000   TIME(PS) =    2433.000  TEMP(K) =   299.00  PRESS =     0.0
 Etot   =     99156.4301  EKtot   =     10702.2480  EPtot      =     88454.1820
 BOND   =      5144.4254  ANGLE   =     25028.6513  DIHED      =     56267.5843
 1-4 NB =     10631.5022  1-4 EEL =      5293.6697  VDWAALS    =    -11818.7811
 EELEC  =     -2151.8772  EHBOND  =         0.0000  RESTRAINT  =        59.0076
 EAMBER (non-restraint)  =     88395.1744
 ------------------------------------------------------------------------------


 NSTEP =    34000   TIME(PS) =    2434.000  TEMP(K) =   299.32  PRESS =     0.0
 Etot   =     99158.0425  EKtot   =     10713.4961  EPtot      =     88444.5464
 BOND   =      5077.7176  ANGLE   =     25063.8621  DIHED      =     56215.2802
 1-4 NB =     10672.2368  1-4 EEL =      5302.4571  VDWAALS    =    -11769.5028
 EELEC  =     -2170.2276  EHBOND  =         0.0000  RESTRAINT  =        52.7230
 EAMBER (non-restraint)  =     88391.8234
 ------------------------------------------------------------------------------


 NSTEP =    35000   TIME(PS) =    2435.000  TEMP(K) =   299.63  PRESS =     0.0
 Etot   =     99159.4330  EKtot   =     10724.6797  EPtot      =     88434.7533
 BOND   =      5094.1039  ANGLE   =     24969.3884  DIHED      =     56258.8811
 1-4 NB =     10674.6046  1-4 EEL =      5306.5316  VDWAALS    =    -11769.2708
 EELEC  =     -2159.2931  EHBOND  =         0.0000  RESTRAINT  =        59.8075
 EAMBER (non-restraint)  =     88374.9458
 ------------------------------------------------------------------------------


 NSTEP =    36000   TIME(PS) =    2436.000  TEMP(K) =   298.91  PRESS =     0.0
 Etot   =     99160.0107  EKtot   =     10699.0957  EPtot      =     88460.9150
 BOND   =      5113.3143  ANGLE   =     24973.0035  DIHED      =     56275.6512
 1-4 NB =     10668.2015  1-4 EEL =      5300.4381  VDWAALS    =    -11778.2075
 EELEC  =     -2156.5862  EHBOND  =         0.0000  RESTRAINT  =        65.1001
 EAMBER (non-restraint)  =     88395.8149
 ------------------------------------------------------------------------------


 NSTEP =    37000   TIME(PS) =    2437.000  TEMP(K) =   299.77  PRESS =     0.0
 Etot   =     99161.7955  EKtot   =     10729.7646  EPtot      =     88432.0309
 BOND   =      5069.8677  ANGLE   =     24988.4153  DIHED      =     56287.7404
 1-4 NB =     10693.1619  1-4 EEL =      5292.1468  VDWAALS    =    -11791.1185
 EELEC  =     -2168.8859  EHBOND  =         0.0000  RESTRAINT  =        60.7032
 EAMBER (non-restraint)  =     88371.3277
 ------------------------------------------------------------------------------


 NSTEP =    38000   TIME(PS) =    2438.000  TEMP(K) =   299.23  PRESS =     0.0
 Etot   =     99159.5130  EKtot   =     10710.5439  EPtot      =     88448.9690
 BOND   =      5069.1038  ANGLE   =     25184.3163  DIHED      =     56157.8007
 1-4 NB =     10652.6517  1-4 EEL =      5299.9597  VDWAALS    =    -11822.9232
 EELEC  =     -2150.2775  EHBOND  =         0.0000  RESTRAINT  =        58.3375
 EAMBER (non-restraint)  =     88390.6315
 ------------------------------------------------------------------------------


 NSTEP =    39000   TIME(PS) =    2439.000  TEMP(K) =   300.34  PRESS =     0.0
 Etot   =     99159.5808  EKtot   =     10750.1426  EPtot      =     88409.4383
 BOND   =      5077.8367  ANGLE   =     25035.8713  DIHED      =     56205.3242
 1-4 NB =     10705.0818  1-4 EEL =      5300.1815  VDWAALS    =    -11812.2765
 EELEC  =     -2163.8553  EHBOND  =         0.0000  RESTRAINT  =        61.2746
 EAMBER (non-restraint)  =     88348.1636
 ------------------------------------------------------------------------------


 NSTEP =    40000   TIME(PS) =    2440.000  TEMP(K) =   298.88  PRESS =     0.0
 Etot   =     99160.4010  EKtot   =     10698.0264  EPtot      =     88462.3747
 BOND   =      5144.3603  ANGLE   =     25053.6960  DIHED      =     56201.1102
 1-4 NB =     10677.0832  1-4 EEL =      5303.2853  VDWAALS    =    -11802.9961
 EELEC  =     -2165.9540  EHBOND  =         0.0000  RESTRAINT  =        51.7899
 EAMBER (non-restraint)  =     88410.5848
 ------------------------------------------------------------------------------


 NSTEP =    41000   TIME(PS) =    2441.000  TEMP(K) =   297.14  PRESS =     0.0
 Etot   =     99158.2349  EKtot   =     10635.5430  EPtot      =     88522.6919
 BOND   =      5215.8494  ANGLE   =     24957.6469  DIHED      =     56287.0022
 1-4 NB =     10662.5331  1-4 EEL =      5302.4670  VDWAALS    =    -11806.8129
 EELEC  =     -2164.8304  EHBOND  =         0.0000  RESTRAINT  =        68.8365
 EAMBER (non-restraint)  =     88453.8554
 ------------------------------------------------------------------------------


 NSTEP =    42000   TIME(PS) =    2442.000  TEMP(K) =   301.67  PRESS =     0.0
 Etot   =     99157.0581  EKtot   =     10797.8428  EPtot      =     88359.2153
 BOND   =      5123.9252  ANGLE   =     25025.6473  DIHED      =     56166.0506
 1-4 NB =     10662.6345  1-4 EEL =      5300.3317  VDWAALS    =    -11806.9039
 EELEC  =     -2171.6880  EHBOND  =         0.0000  RESTRAINT  =        59.2179
 EAMBER (non-restraint)  =     88299.9973
 ------------------------------------------------------------------------------


 NSTEP =    43000   TIME(PS) =    2443.000  TEMP(K) =   300.55  PRESS =     0.0
 Etot   =     99157.0793  EKtot   =     10757.7148  EPtot      =     88399.3644
 BOND   =      5047.6579  ANGLE   =     24987.7906  DIHED      =     56249.4528
 1-4 NB =     10710.7216  1-4 EEL =      5306.4383  VDWAALS    =    -11795.8017
 EELEC  =     -2168.2161  EHBOND  =         0.0000  RESTRAINT  =        61.3208
 EAMBER (non-restraint)  =     88338.0436
 ------------------------------------------------------------------------------


 NSTEP =    44000   TIME(PS) =    2444.000  TEMP(K) =   299.84  PRESS =     0.0
 Etot   =     99158.7470  EKtot   =     10732.4297  EPtot      =     88426.3173
 BOND   =      5053.3462  ANGLE   =     25138.3101  DIHED      =     56180.2526
 1-4 NB =     10659.5014  1-4 EEL =      5292.4762  VDWAALS    =    -11802.3481
 EELEC  =     -2156.5118  EHBOND  =         0.0000  RESTRAINT  =        61.2907
 EAMBER (non-restraint)  =     88365.0266
 ------------------------------------------------------------------------------


 NSTEP =    45000   TIME(PS) =    2445.000  TEMP(K) =   297.03  PRESS =     0.0
 Etot   =     99160.2524  EKtot   =     10631.6465  EPtot      =     88528.6060
 BOND   =      5191.2391  ANGLE   =     25108.0214  DIHED      =     56229.6970
 1-4 NB =     10624.7828  1-4 EEL =      5298.5062  VDWAALS    =    -11828.1296
 EELEC  =     -2153.6456  EHBOND  =         0.0000  RESTRAINT  =        58.1346
 EAMBER (non-restraint)  =     88470.4714
 ------------------------------------------------------------------------------


 NSTEP =    46000   TIME(PS) =    2446.000  TEMP(K) =   296.92  PRESS =     0.0
 Etot   =     99164.1679  EKtot   =     10627.8398  EPtot      =     88536.3281
 BOND   =      5130.7144  ANGLE   =     25012.2979  DIHED      =     56319.1699
 1-4 NB =     10675.0658  1-4 EEL =      5300.3609  VDWAALS    =    -11805.2208
 EELEC  =     -2159.8248  EHBOND  =         0.0000  RESTRAINT  =        63.7647
 EAMBER (non-restraint)  =     88472.5633
 ------------------------------------------------------------------------------


 NSTEP =    47000   TIME(PS) =    2447.000  TEMP(K) =   297.82  PRESS =     0.0
 Etot   =     99163.4779  EKtot   =     10660.0771  EPtot      =     88503.4007
 BOND   =      5092.7922  ANGLE   =     25094.1343  DIHED      =     56238.0893
 1-4 NB =     10704.9389  1-4 EEL =      5290.5557  VDWAALS    =    -11812.5257
 EELEC  =     -2162.8482  EHBOND  =         0.0000  RESTRAINT  =        58.2642
 EAMBER (non-restraint)  =     88445.1365
 ------------------------------------------------------------------------------


 NSTEP =    48000   TIME(PS) =    2448.000  TEMP(K) =   298.51  PRESS =     0.0
 Etot   =     99165.7744  EKtot   =     10684.7129  EPtot      =     88481.0616
 BOND   =      5066.3973  ANGLE   =     25089.0269  DIHED      =     56230.9571
 1-4 NB =     10684.4743  1-4 EEL =      5301.4778  VDWAALS    =    -11790.5955
 EELEC  =     -2159.4539  EHBOND  =         0.0000  RESTRAINT  =        58.7775
 EAMBER (non-restraint)  =     88422.2841
 ------------------------------------------------------------------------------


 NSTEP =    49000   TIME(PS) =    2449.000  TEMP(K) =   297.88  PRESS =     0.0
 Etot   =     99166.0047  EKtot   =     10662.0596  EPtot      =     88503.9451
 BOND   =      5068.9665  ANGLE   =     25216.3678  DIHED      =     56146.1590
 1-4 NB =     10659.9170  1-4 EEL =      5304.3868  VDWAALS    =    -11792.5687
 EELEC  =     -2159.2925  EHBOND  =         0.0000  RESTRAINT  =        60.0093
 EAMBER (non-restraint)  =     88443.9358
 ------------------------------------------------------------------------------


 NSTEP =    50000   TIME(PS) =    2450.000  TEMP(K) =   297.37  PRESS =     0.0
 Etot   =     99167.2985  EKtot   =     10643.7529  EPtot      =     88523.5456
 BOND   =      5034.9598  ANGLE   =     25141.7560  DIHED      =     56246.2705
 1-4 NB =     10689.7432  1-4 EEL =      5296.2756  VDWAALS    =    -11801.8083
 EELEC  =     -2149.9957  EHBOND  =         0.0000  RESTRAINT  =        66.3446
 EAMBER (non-restraint)  =     88457.2010
 ------------------------------------------------------------------------------


      A V E R A G E S   O V E R      50 S T E P S


 NSTEP =    50000   TIME(PS) =    2450.000  TEMP(K) =   298.58  PRESS =     0.0
 Etot   =     99157.2475  EKtot   =     10687.0114  EPtot      =     88470.2361
 BOND   =      5095.5309  ANGLE   =     25065.0717  DIHED      =     56247.5518
 1-4 NB =     10669.6955  1-4 EEL =      5299.7140  VDWAALS    =    -11804.7153
 EELEC  =     -2159.9331  EHBOND  =         0.0000  RESTRAINT  =        57.3207
 EAMBER (non-restraint)  =     88412.9154
 ------------------------------------------------------------------------------


      R M S  F L U C T U A T I O N S


 NSTEP =    50000   TIME(PS) =    2450.000  TEMP(K) =     1.79  PRESS =     0.0
 Etot   =         4.0121  EKtot   =        63.9138  EPtot      =        64.4479
 BOND   =        50.6583  ANGLE   =        64.6167  DIHED      =        51.4999
 1-4 NB =        27.3775  1-4 EEL =         4.8941  VDWAALS    =        21.1625
 EELEC  =         5.6596  EHBOND  =         0.0000  RESTRAINT  =         4.8394
 EAMBER (non-restraint)  =        59.6085
|E(PBS) =         3.9813
 ------------------------------------------------------------------------------

--------------------------------------------------------------------------------
   5.  TIMINGS
--------------------------------------------------------------------------------

|  NonSetup CPU Time in Major Routines:
|
|     Routine           Sec        %
|     ------------------------------
|     Nonbond           1.72   13.55
|     Bond              0.00    0.00
|     Angle             0.00    0.00
|     Dihedral          0.00    0.00
|     Shake             0.20    1.57
|     RunMD            10.74   84.43
|     Other             0.06    0.45
|     ------------------------------
|     Total            12.72

|  PME Nonbond Pairlist CPU Time:
|
|     Routine              Sec        %
|     ---------------------------------
|     Set Up Cit           0.00    0.00
|     Build List           0.00    0.00
|     ---------------------------------
|     Total                0.00    0.00

|  PME Direct Force CPU Time:
|
|     Routine              Sec        %
|     ---------------------------------
|     NonBonded Calc       0.00    0.00
|     Exclude Masked       0.00    0.00
|     Other                0.04    0.29
|     ---------------------------------
|     Total                0.04    0.29

|  PME Reciprocal Force CPU Time:
|
|     Routine              Sec        %
|     ---------------------------------
|     1D bspline           0.00    0.00
|     Grid Charges         0.00    0.00
|     Scalar Sum           0.00    0.00
|     Gradient Sum         0.00    0.00
|     FFT                  0.00    0.00
|     ---------------------------------
|     Total                0.00    0.00

|  Final Performance Info:
|     -----------------------------------------------------
|     Average timings for last   49000 steps:
|     Elapsed(s) =      12.47 Per Step(ms) =       0.25
|         ns/day =     339.52   seconds/ns =     254.48
|
|     Average timings for all steps:
|     Elapsed(s) =      12.73 Per Step(ms) =       0.25
|         ns/day =     339.48   seconds/ns =     254.51
|     -----------------------------------------------------

|  Setup CPU time:            0.37 seconds
|  NonSetup CPU time:        12.72 seconds
|  Total CPU time:           13.09 seconds     0.00 hours

|  Setup wall time:           1    seconds
|  NonSetup wall time:       13    seconds
|  Total wall time:          14    seconds     0.00 hours
