
 -----------------------------------------------
      Restrained ESP Fit 2.3  Amber 4.1
 -----------------------------------------------
 Resp charges for organic molecule                                               
 -----------------------------------------------


 inopt       =     0   ioutopt     =     1
 nmol        =     1   iqopt       =     2
 ihfree      =     1   irstrnt     =     1
 iunits      =     0   qwt         =   0.00100000
 wtmol(1) =     1.000000
 subtitle:

Resp charges for organic molecule                                               
ich =   0  iuniq =  70
    1    6  -99
    2    6  -99
    3    6  -99
    4    6  -99
    5    6  -99
    6    6  -99
    7    6  -99
    8    6  -99
    9    6  -99
   10    6  -99
   11    6  -99
   12    6  -99
   13    6  -99
   14    6  -99
   15    6  -99
   16    6  -99
   17    6  -99
   18    6  -99
   19    6  -99
   20    6  -99
   21    6  -99
   22    6  -99
   23    6  -99
   24    6  -99
   25    6  -99
   26    6  -99
   27    6  -99
   28    6  -99
   29    6  -99
   30    6  -99
   31    6  -99
   32    6  -99
   33    6  -99
   34    6  -99
   35    6  -99
   36    6  -99
   37    6  -99
   38    6  -99
   39    6  -99
   40    6  -99
   41    6  -99
   42    6  -99
   43    6  -99
   44    6  -99
   45    6  -99
   46    6  -99
   47    6  -99
   48    6  -99
   49    6  -99
   50    6  -99
   51    6  -99
   52    6  -99
   53    6  -99
   54    6  -99
   55    6  -99
   56    6  -99
   57    6  -99
   58    6  -99
   59    6  -99
   60    6  -99
   61    6  -99
   62    6  -99
   63    6  -99
   64    6  -99
   65    6  -99
   66    6  -99
   67    6  -99
   68    6  -99
   69    6  -99
   70    6  -99
 new q0 values to be read  70

  ----------------------------------------------------------------------------
     ATOM                       COORDINATES                         CHARGE
                       X             Y                Z
  ----------------------------------------------------------------------------
  ----------------------------------------------------------------------------


 Charge on the molecule(ich) =    0
 Total number of atoms (iuniq)     =   70
 Weight factor on initial charge restraints(qwt)=     0.10000D-02


  there are  1 charge constraints:


     1       1
     2       1
     3       1
     4       1
     5       1
     6       1
     7       1
     8       1
     9       1
    10       1
    11       1
    12       1
    13       1
    14       1
    15       1
    16       1
    17       1
    18       1
    19       1
    20       1
    21       1
    22       1
    23       1
    24       1
    25       1
    26       1
    27       1
    28       1
    29       1
    30       1
    31       1
    32       1
    33       1
    34       1
    35       1
    36       1
    37       1
    38       1
    39       1
    40       1
    41       1
    42       1
    43       1
    44       1
    45       1
    46       1
    47       1
    48       1
    49       1
    50       1
    51       1
    52       1
    53       1
    54       1
    55       1
    56       1
    57       1
    58       1
    59       1
    60       1
    61       1
    62       1
    63       1
    64       1
    65       1
    66       1
    67       1
    68       1
    69       1
    70       1

 Reading esp"s for molecule   1
 total number of atoms      =    70
 total number of esp points = 11735


 center     X       Y       Z 
    1  -0.7339363E+01  -0.7773558E+00  -0.2271564E+01
    2  -0.7562954E+01   0.1658909E+01  -0.1129499E+01
    3  -0.7411870E+01   0.1234770E+01   0.1502954E+01
    4  -0.7154949E+01  -0.1388688E+01   0.1965506E+01
    5  -0.7080475E+01  -0.2586683E+01  -0.4382841E+00
    6  -0.6256110E+01   0.3746423E+01  -0.2026340E+01
    7  -0.4988863E+01   0.5324327E+01  -0.3484844E+00
    8  -0.4862756E+01   0.4896694E+01   0.2217584E+01
    9  -0.6037459E+01   0.2770172E+01   0.3085148E+01
   10  -0.4504077E+01   0.1823434E+01   0.5085888E+01
   11  -0.4399367E+01  -0.8162105E+00   0.5619624E+01
   12  -0.5659794E+01  -0.2350749E+01   0.3939364E+01
   13  -0.4154646E+01  -0.4389329E+01   0.3609046E+01
   14  -0.4114878E+01  -0.5593969E+01   0.1212441E+01
   15  -0.5510513E+01  -0.4616039E+01  -0.7730378E+00
   16  -0.4129473E+01  -0.4832224E+01  -0.2864976E+01
   17  -0.4342619E+01  -0.3135785E+01  -0.4687220E+01
   18  -0.5961411E+01  -0.1058832E+01  -0.4445922E+01
   19  -0.4653144E+01   0.1082471E+01  -0.5526916E+01
   20  -0.4806852E+01   0.3439859E+01  -0.4253401E+01
   21  -0.2026342E+01  -0.2387610E+01  -0.5861146E+01
   22  -0.2287661E+01   0.2577341E+00  -0.6303735E+01
   23  -0.2669389E+01   0.6039948E+01  -0.1618739E+01
   24  -0.2602302E+01   0.4782479E+01  -0.3997092E+01
   25  -0.1860486E+01  -0.6090381E+01  -0.2233684E+01
   26  -0.1844038E+01  -0.6438657E+01   0.3057331E+00
   27  -0.1935499E+01  -0.4156216E+01   0.4985239E+01
   28  -0.2096075E+01  -0.1911055E+01   0.6105457E+01
   29  -0.2501398E+01   0.3499434E+01   0.5459847E+01
   30  -0.2660092E+01   0.5269012E+01   0.3619375E+01
   31  -0.3908615E+00   0.6128060E+01   0.2320822E+01
   32  -0.3710023E+00   0.6541268E+01  -0.2774666E+00
   33  -0.2770149E+00   0.3943070E+01  -0.4968056E+01
   34  -0.1262394E+00   0.1684073E+01  -0.6238033E+01
   35   0.3254392E+00  -0.3571737E+01  -0.5300249E+01
   36   0.3217995E+00  -0.5487458E+01  -0.3483657E+01
   37   0.3053816E+00  -0.5159137E+01   0.4145142E+01
   38   0.3580747E+00  -0.6241636E+01   0.1777089E+01
   39  -0.1751077E+00   0.2423617E+01   0.6175126E+01
   40  -0.1472664E-01  -0.2453129E+00   0.6467907E+01
   41   0.1905078E+01   0.5440852E+01   0.3454155E+01
   42   0.2002301E+01   0.3645569E+01   0.5391538E+01
   43   0.1963384E+01   0.5029731E+01  -0.4004065E+01
   44   0.1856648E+01   0.6301683E+01  -0.1690738E+01
   45   0.2230045E+01   0.3873353E+00  -0.6342433E+01
   46   0.2397503E+01  -0.2127949E+01  -0.5960326E+01
   47   0.2213755E+01  -0.1470881E+01   0.5962683E+01
   48   0.2510870E+01  -0.3875518E+01   0.4977629E+01
   49   0.2661987E+01  -0.6220233E+01   0.4143338E+00
   50   0.2633584E+01  -0.5849698E+01  -0.2245822E+01
   51   0.4801187E+01  -0.4547408E+01  -0.2885808E+01
   52   0.4719328E+01  -0.2656841E+01  -0.4753041E+01
   53   0.4303936E+01   0.1464687E+01  -0.5295587E+01
   54   0.4254550E+01   0.3826867E+01  -0.4277674E+01
   55   0.4245823E+01   0.5731924E+01  -0.5589129E+00
   56   0.4204427E+01   0.5245959E+01   0.2098575E+01
   57   0.4282495E+01   0.2362379E+01   0.5123739E+01
   58   0.4431268E+01  -0.2769299E+00   0.5423731E+01
   59   0.4854292E+01  -0.5177485E+01   0.1302991E+01
   60   0.4683079E+01  -0.3921947E+01   0.3598847E+01
   61   0.5666740E+01   0.3382018E+01   0.3151076E+01
   62   0.6007140E+01  -0.1711323E+01   0.3977066E+01
   63   0.6168304E+01  -0.4211343E+01  -0.6996824E+00
   64   0.5987164E+01  -0.3897087E+00  -0.4508786E+01
   65   0.5769282E+01   0.4278086E+01  -0.2147827E+01
   66   0.7397621E+01   0.5122102E-01  -0.2186908E+01
   67   0.7296113E+01   0.2448875E+01  -0.1099488E+01
   68   0.7226766E+01   0.1996235E+01   0.1581160E+01
   69   0.7414077E+01  -0.1867473E+01  -0.3445840E+00
   70   0.7370364E+01  -0.5993568E+00   0.1992370E+01
 Initial ssvpot =     0.944


 Number of unique UNfrozen centers=    0
 ALL charges are frozen!!!

 Non-linear optimization requested.
 qchnge =     0.000000000    
 qchnge =     0.000000000    
 qchnge =     0.000000000    

 Convergence in    2 iterations


Resp charges for organic molecule                                               

          Point Charges Before & After Optimization

    no.  At.no.    q(init)       q(opt)     ivary    d(rstr)/dq
    1   6      -0.000000      -0.000000    -99       0.010000
    2   6      -0.000000      -0.000000    -99       0.010000
    3   6      -0.000000      -0.000000    -99       0.010000
    4   6      -0.000000      -0.000000    -99       0.010000
    5   6      -0.000000      -0.000000    -99       0.010000
    6   6      -0.000000      -0.000000    -99       0.010000
    7   6      -0.000000      -0.000000    -99       0.010000
    8   6      -0.000000      -0.000000    -99       0.010000
    9   6      -0.000000      -0.000000    -99       0.010000
   10   6      -0.000000      -0.000000    -99       0.010000
   11   6      -0.000000      -0.000000    -99       0.010000
   12   6      -0.000000      -0.000000    -99       0.010000
   13   6      -0.000000      -0.000000    -99       0.010000
   14   6      -0.000000      -0.000000    -99       0.010000
   15   6      -0.000000      -0.000000    -99       0.010000
   16   6      -0.000000      -0.000000    -99       0.010000
   17   6      -0.000000      -0.000000    -99       0.010000
   18   6      -0.000000      -0.000000    -99       0.010000
   19   6      -0.000000      -0.000000    -99       0.010000
   20   6      -0.000000      -0.000000    -99       0.010000
   21   6      -0.000000      -0.000000    -99       0.010000
   22   6      -0.000000      -0.000000    -99       0.010000
   23   6      -0.000000      -0.000000    -99       0.010000
   24   6      -0.000000      -0.000000    -99       0.010000
   25   6      -0.000000      -0.000000    -99       0.010000
   26   6      -0.000000      -0.000000    -99       0.010000
   27   6      -0.000000      -0.000000    -99       0.010000
   28   6      -0.000000      -0.000000    -99       0.010000
   29   6      -0.000000      -0.000000    -99       0.010000
   30   6      -0.000000      -0.000000    -99       0.010000
   31   6      -0.000000      -0.000000    -99       0.010000
   32   6      -0.000000      -0.000000    -99       0.010000
   33   6      -0.000000      -0.000000    -99       0.010000
   34   6      -0.000000      -0.000000    -99       0.010000
   35   6      -0.000000      -0.000000    -99       0.010000
   36   6      -0.000000      -0.000000    -99       0.010000
   37   6      -0.000000      -0.000000    -99       0.010000
   38   6      -0.000000      -0.000000    -99       0.010000
   39   6      -0.000000      -0.000000    -99       0.010000
   40   6      -0.000000      -0.000000    -99       0.010000
   41   6      -0.000000      -0.000000    -99       0.010000
   42   6      -0.000000      -0.000000    -99       0.010000
   43   6      -0.000000      -0.000000    -99       0.010000
   44   6      -0.000000      -0.000000    -99       0.010000
   45   6      -0.000000      -0.000000    -99       0.010000
   46   6      -0.000000      -0.000000    -99       0.010000
   47   6      -0.000000      -0.000000    -99       0.010000
   48   6      -0.000000      -0.000000    -99       0.010000
   49   6      -0.000000      -0.000000    -99       0.010000
   50   6      -0.000000      -0.000000    -99       0.010000
   51   6      -0.000000      -0.000000    -99       0.010000
   52   6      -0.000000      -0.000000    -99       0.010000
   53   6      -0.000000      -0.000000    -99       0.010000
   54   6      -0.000000      -0.000000    -99       0.010000
   55   6      -0.000000      -0.000000    -99       0.010000
   56   6      -0.000000      -0.000000    -99       0.010000
   57   6      -0.000000      -0.000000    -99       0.010000
   58   6      -0.000000      -0.000000    -99       0.010000
   59   6      -0.000000      -0.000000    -99       0.010000
   60   6      -0.000000      -0.000000    -99       0.010000
   61   6      -0.000000      -0.000000    -99       0.010000
   62   6      -0.000000      -0.000000    -99       0.010000
   63   6      -0.000000      -0.000000    -99       0.010000
   64   6      -0.000000      -0.000000    -99       0.010000
   65   6      -0.000000      -0.000000    -99       0.010000
   66   6      -0.000000      -0.000000    -99       0.010000
   67   6      -0.000000      -0.000000    -99       0.010000
   68   6      -0.000000      -0.000000    -99       0.010000
   69   6      -0.000000      -0.000000    -99       0.010000
   70   6      -0.000000      -0.000000    -99       0.010000

 Sum over the calculated charges:      0.000

        Statistics of the fitting:
  The initial sum of squares (ssvpot)                      0.944
  The residual sum of squares (chipot)                     0.944
  The std err of estimate (sqrt(chipot/N))               0.00897
  ESP relative RMS (SQRT(chipot/ssvpot))                 1.00000

 Center of Mass (Angst.):

 X  =   0.00000      Y  =   0.00000      Z  =   0.00000

 Dipole (Debye):

 X  =   0.00000      Y  =   0.00000      Z  =   0.00000

 Dipole Moment (Debye)=   0.00000

 Quadrupole (Debye*Angst.):

 Qxx =   0.00000     QYY =   0.00000     QZZ =   0.00000
 Qxy =   0.00000     QXZ =   0.00000     QYZ =   0.00000
